mode: set
github.com/shinkansen-commerce/shinkansen/services/product-service/internal/config/config.go:14.30,26.2 5 0
github.com/shinkansen-commerce/shinkansen/services/product-service/internal/config/config.go:28.46,29.48 1 0
github.com/shinkansen-commerce/shinkansen/services/product-service/internal/config/config.go:29.48,31.3 1 0
github.com/shinkansen-commerce/shinkansen/services/product-service/internal/config/config.go:32.2,32.21 1 0
github.com/shinkansen-commerce/shinkansen/services/product-service/internal/cache/cache.go:28.54,30.2 1 0
github.com/shinkansen-commerce/shinkansen/services/product-service/internal/cache/cache.go:32.83,34.16 2 0
github.com/shinkansen-commerce/shinkansen/services/product-service/internal/cache/cache.go:34.16,35.23 1 0
github.com/shinkansen-commerce/shinkansen/services/product-service/internal/cache/cache.go:35.23,37.4 1 0
github.com/shinkansen-commerce/shinkansen/services/product-service/internal/cache/cache.go:38.3,38.13 1 0
github.com/shinkansen-commerce/shinkansen/services/product-service/internal/cache/cache.go:41.2,41.50 1 0
github.com/shinkansen-commerce/shinkansen/services/product-service/internal/cache/cache.go:41.50,43.3 1 0
github.com/shinkansen-commerce/shinkansen/services/product-service/internal/cache/cache.go:45.2,45.12 1 0
github.com/shinkansen-commerce/shinkansen/services/product-service/internal/cache/cache.go:48.103,50.16 2 0
github.com/shinkansen-commerce/shinkansen/services/product-service/internal/cache/cache.go:50.16,52.3 1 0
github.com/shinkansen-commerce/shinkansen/services/product-service/internal/cache/cache.go:54.2,54.48 1 0
github.com/shinkansen-commerce/shinkansen/services/product-service/internal/cache/cache.go:57.68,59.2 1 0
github.com/shinkansen-commerce/shinkansen/services/product-service/internal/cache/cache.go:61.47,63.2 1 0
github.com/shinkansen-commerce/shinkansen/services/product-service/internal/cache/cache.go:65.69,67.2 1 0
github.com/shinkansen-commerce/shinkansen/services/product-service/internal/cache/cache.go:69.49,71.2 1 0
github.com/shinkansen-commerce/shinkansen/services/product-service/internal/cache/cache.go:73.52,77.2 1 0
github.com/shinkansen-commerce/shinkansen/services/product-service/internal/cache/mock.go:14.82,17.2 2 0
github.com/shinkansen-commerce/shinkansen/services/product-service/internal/cache/mock.go:19.102,22.2 2 0
github.com/shinkansen-commerce/shinkansen/services/product-service/internal/cache/mock.go:24.67,27.2 2 0
github.com/shinkansen-commerce/shinkansen/services/product-service/internal/db/db.go:10.53,12.16 2 0
github.com/shinkansen-commerce/shinkansen/services/product-service/internal/db/db.go:12.16,14.3 1 0
github.com/shinkansen-commerce/shinkansen/services/product-service/internal/db/db.go:16.2,17.16 2 0
github.com/shinkansen-commerce/shinkansen/services/product-service/internal/db/db.go:17.16,19.3 1 0
github.com/shinkansen-commerce/shinkansen/services/product-service/internal/db/db.go:21.2,21.56 1 0
github.com/shinkansen-commerce/shinkansen/services/product-service/internal/db/db.go:21.56,23.3 1 0
github.com/shinkansen-commerce/shinkansen/services/product-service/internal/db/db.go:25.2,25.18 1 0
github.com/shinkansen-commerce/shinkansen/services/product-service/internal/db/mock.go:14.102,17.2 2 0
github.com/shinkansen-commerce/shinkansen/services/product-service/internal/db/mock.go:19.86,22.2 2 0
github.com/shinkansen-commerce/shinkansen/services/product-service/internal/db/mock.go:24.100,27.2 2 0
github.com/shinkansen-commerce/shinkansen/services/product-service/internal/db/mock.go:29.100,32.2 2 0
github.com/shinkansen-commerce/shinkansen/services/product-service/internal/db/mock.go:34.78,37.2 2 0
github.com/shinkansen-commerce/shinkansen/services/product-service/internal/db/mock.go:39.104,42.2 2 0
github.com/shinkansen-commerce/shinkansen/services/product-service/internal/db/mock.go:44.110,47.2 2 0
github.com/shinkansen-commerce/shinkansen/services/product-service/internal/db/repository.go:90.44,92.2 1 0
github.com/shinkansen-commerce/shinkansen/services/product-service/internal/db/repository.go:94.98,105.2 5 0
github.com/shinkansen-commerce/shinkansen/services/product-service/internal/db/repository.go:107.82,121.2 5 0
github.com/shinkansen-commerce/shinkansen/services/product-service/internal/db/repository.go:123.96,134.16 3 0
github.com/shinkansen-commerce/shinkansen/services/product-service/internal/db/repository.go:134.16,136.3 1 0
github.com/shinkansen-commerce/shinkansen/services/product-service/internal/db/repository.go:137.2,140.18 3 0
github.com/shinkansen-commerce/shinkansen/services/product-service/internal/db/repository.go:140.18,146.17 2 0
github.com/shinkansen-commerce/shinkansen/services/product-service/internal/db/repository.go:146.17,148.4 1 0
github.com/shinkansen-commerce/shinkansen/services/product-service/internal/db/repository.go:149.3,149.33 1 0
github.com/shinkansen-commerce/shinkansen/services/product-service/internal/db/repository.go:151.2,151.29 1 0
github.com/shinkansen-commerce/shinkansen/services/product-service/internal/db/repository.go:154.96,176.2 5 0
github.com/shinkansen-commerce/shinkansen/services/product-service/internal/db/repository.go:178.74,186.2 3 0
github.com/shinkansen-commerce/shinkansen/services/product-service/internal/db/repository.go:188.100,203.16 4 0
github.com/shinkansen-commerce/shinkansen/services/product-service/internal/db/repository.go:203.16,205.3 1 0
github.com/shinkansen-commerce/shinkansen/services/product-service/internal/db/repository.go:206.2,209.18 3 0
github.com/shinkansen-commerce/shinkansen/services/product-service/internal/db/repository.go:209.18,215.17 2 0
github.com/shinkansen-commerce/shinkansen/services/product-service/internal/db/repository.go:215.17,217.4 1 0
github.com/shinkansen-commerce/shinkansen/services/product-service/internal/db/repository.go:218.3,218.33 1 0
github.com/shinkansen-commerce/shinkansen/services/product-service/internal/db/repository.go:220.2,220.29 1 0
github.com/shinkansen-commerce/shinkansen/services/product-service/internal/db/repository.go:223.106,231.16 3 0
github.com/shinkansen-commerce/shinkansen/services/product-service/internal/db/repository.go:231.16,233.3 1 0
github.com/shinkansen-commerce/shinkansen/services/product-service/internal/db/repository.go:234.2,237.18 3 0
github.com/shinkansen-commerce/shinkansen/services/product-service/internal/db/repository.go:237.18,242.17 2 0
github.com/shinkansen-commerce/shinkansen/services/product-service/internal/db/repository.go:242.17,244.4 1 0
github.com/shinkansen-commerce/shinkansen/services/product-service/internal/db/repository.go:245.3,245.33 1 0
github.com/shinkansen-commerce/shinkansen/services/product-service/internal/db/repository.go:247.2,247.29 1 0
github.com/shinkansen-commerce/shinkansen/services/product-service/cmd/product-service/main.go:21.13,23.16 2 0
github.com/shinkansen-commerce/shinkansen/services/product-service/cmd/product-service/main.go:23.16,25.3 1 0
github.com/shinkansen-commerce/shinkansen/services/product-service/cmd/product-service/main.go:27.2,28.16 2 0
github.com/shinkansen-commerce/shinkansen/services/product-service/cmd/product-service/main.go:28.16,30.3 1 0
github.com/shinkansen-commerce/shinkansen/services/product-service/cmd/product-service/main.go:31.2,34.16 3 0
github.com/shinkansen-commerce/shinkansen/services/product-service/cmd/product-service/main.go:34.16,36.3 1 0
github.com/shinkansen-commerce/shinkansen/services/product-service/cmd/product-service/main.go:37.2,49.16 10 0
github.com/shinkansen-commerce/shinkansen/services/product-service/cmd/product-service/main.go:49.16,51.3 1 0
github.com/shinkansen-commerce/shinkansen/services/product-service/cmd/product-service/main.go:53.2,53.12 1 0
github.com/shinkansen-commerce/shinkansen/services/product-service/cmd/product-service/main.go:53.12,55.75 2 0
github.com/shinkansen-commerce/shinkansen/services/product-service/cmd/product-service/main.go:55.75,57.4 1 0
github.com/shinkansen-commerce/shinkansen/services/product-service/cmd/product-service/main.go:60.2,61.80 2 0
github.com/shinkansen-commerce/shinkansen/services/product-service/cmd/product-service/main.go:61.80,64.3 2 0
github.com/shinkansen-commerce/shinkansen/services/product-service/cmd/product-service/main.go:66.2,66.12 1 0
github.com/shinkansen-commerce/shinkansen/services/product-service/cmd/product-service/main.go:66.12,68.83 2 0
github.com/shinkansen-commerce/shinkansen/services/product-service/cmd/product-service/main.go:68.83,70.4 1 0
github.com/shinkansen-commerce/shinkansen/services/product-service/cmd/product-service/main.go:73.2,79.36 6 0
github.com/shinkansen-commerce/shinkansen/services/product-service/internal/repository/repository.go:14.37,16.2 1 0
github.com/shinkansen-commerce/shinkansen/services/product-service/internal/repository/repository.go:29.98,31.2 1 0
github.com/shinkansen-commerce/shinkansen/services/product-service/internal/repository/repository.go:54.99,56.2 1 0
github.com/shinkansen-commerce/shinkansen/services/product-service/internal/repository/repository.go:58.82,60.2 1 0
github.com/shinkansen-commerce/shinkansen/services/product-service/internal/repository/repository.go:71.99,73.2 1 0
github.com/shinkansen-commerce/shinkansen/services/product-service/internal/repository/repository.go:75.71,77.2 1 0
github.com/shinkansen-commerce/shinkansen/services/product-service/internal/repository/repository.go:89.103,91.2 1 0
github.com/shinkansen-commerce/shinkansen/services/product-service/internal/repository/repository.go:103.106,105.2 1 0
github.com/shinkansen-commerce/shinkansen/services/product-service/internal/service/product_service.go:25.105,31.2 1 1
github.com/shinkansen-commerce/shinkansen/services/product-service/internal/service/product_service.go:33.140,37.26 3 1
github.com/shinkansen-commerce/shinkansen/services/product-service/internal/service/product_service.go:37.26,40.3 2 1
github.com/shinkansen-commerce/shinkansen/services/product-service/internal/service/product_service.go:42.2,51.16 2 1
github.com/shinkansen-commerce/shinkansen/services/product-service/internal/service/product_service.go:51.16,54.3 2 1
github.com/shinkansen-commerce/shinkansen/services/product-service/internal/service/product_service.go:56.2,58.8 1 1
github.com/shinkansen-commerce/shinkansen/services/product-service/internal/service/product_service.go:61.131,65.60 3 1
github.com/shinkansen-commerce/shinkansen/services/product-service/internal/service/product_service.go:65.60,70.3 2 1
github.com/shinkansen-commerce/shinkansen/services/product-service/internal/service/product_service.go:72.2,76.16 4 1
github.com/shinkansen-commerce/shinkansen/services/product-service/internal/service/product_service.go:76.16,79.3 2 1
github.com/shinkansen-commerce/shinkansen/services/product-service/internal/service/product_service.go:81.2,81.78 1 1
github.com/shinkansen-commerce/shinkansen/services/product-service/internal/service/product_service.go:81.78,83.3 1 0
github.com/shinkansen-commerce/shinkansen/services/product-service/internal/service/product_service.go:85.2,87.8 1 1
github.com/shinkansen-commerce/shinkansen/services/product-service/internal/service/product_service.go:90.137,97.26 3 1
github.com/shinkansen-commerce/shinkansen/services/product-service/internal/service/product_service.go:97.26,100.3 2 0
github.com/shinkansen-commerce/shinkansen/services/product-service/internal/service/product_service.go:102.2,108.16 2 1
github.com/shinkansen-commerce/shinkansen/services/product-service/internal/service/product_service.go:108.16,111.3 2 1
github.com/shinkansen-commerce/shinkansen/services/product-service/internal/service/product_service.go:113.2,114.29 2 1
github.com/shinkansen-commerce/shinkansen/services/product-service/internal/service/product_service.go:114.29,116.3 1 1
github.com/shinkansen-commerce/shinkansen/services/product-service/internal/service/product_service.go:118.2,121.8 1 1
github.com/shinkansen-commerce/shinkansen/services/product-service/internal/service/product_service.go:124.140,128.21 3 1
github.com/shinkansen-commerce/shinkansen/services/product-service/internal/service/product_service.go:128.21,130.3 1 1
github.com/shinkansen-commerce/shinkansen/services/product-service/internal/service/product_service.go:132.2,133.28 2 1
github.com/shinkansen-commerce/shinkansen/services/product-service/internal/service/product_service.go:133.28,135.3 1 0
github.com/shinkansen-commerce/shinkansen/services/product-service/internal/service/product_service.go:137.2,138.27 2 1
github.com/shinkansen-commerce/shinkansen/services/product-service/internal/service/product_service.go:138.27,141.3 2 0
github.com/shinkansen-commerce/shinkansen/services/product-service/internal/service/product_service.go:143.2,144.22 2 1
github.com/shinkansen-commerce/shinkansen/services/product-service/internal/service/product_service.go:144.22,146.3 1 0
github.com/shinkansen-commerce/shinkansen/services/product-service/internal/service/product_service.go:148.2,149.22 2 1
github.com/shinkansen-commerce/shinkansen/services/product-service/internal/service/product_service.go:149.22,151.3 1 0
github.com/shinkansen-commerce/shinkansen/services/product-service/internal/service/product_service.go:153.2,162.16 2 1
github.com/shinkansen-commerce/shinkansen/services/product-service/internal/service/product_service.go:162.16,165.3 2 1
github.com/shinkansen-commerce/shinkansen/services/product-service/internal/service/product_service.go:167.2,168.54 2 1
github.com/shinkansen-commerce/shinkansen/services/product-service/internal/service/product_service.go:168.54,170.3 1 1
github.com/shinkansen-commerce/shinkansen/services/product-service/internal/service/product_service.go:172.2,174.8 1 1
github.com/shinkansen-commerce/shinkansen/services/product-service/internal/service/product_service.go:177.123,181.64 3 1
github.com/shinkansen-commerce/shinkansen/services/product-service/internal/service/product_service.go:181.64,184.3 2 1
github.com/shinkansen-commerce/shinkansen/services/product-service/internal/service/product_service.go:186.2,187.54 2 1
github.com/shinkansen-commerce/shinkansen/services/product-service/internal/service/product_service.go:187.54,189.3 1 0
github.com/shinkansen-commerce/shinkansen/services/product-service/internal/service/product_service.go:191.2,191.31 1 1
github.com/shinkansen-commerce/shinkansen/services/product-service/internal/service/product_service.go:194.143,198.26 3 1
github.com/shinkansen-commerce/shinkansen/services/product-service/internal/service/product_service.go:198.26,201.3 2 0
github.com/shinkansen-commerce/shinkansen/services/product-service/internal/service/product_service.go:203.2,204.25 2 1
github.com/shinkansen-commerce/shinkansen/services/product-service/internal/service/product_service.go:204.25,206.3 1 1
github.com/shinkansen-commerce/shinkansen/services/product-service/internal/service/product_service.go:208.2,209.25 2 1
github.com/shinkansen-commerce/shinkansen/services/product-service/internal/service/product_service.go:209.25,211.3 1 1
github.com/shinkansen-commerce/shinkansen/services/product-service/internal/service/product_service.go:213.2,222.16 2 1
github.com/shinkansen-commerce/shinkansen/services/product-service/internal/service/product_service.go:222.16,225.3 2 1
github.com/shinkansen-commerce/shinkansen/services/product-service/internal/service/product_service.go:227.2,228.29 2 1
github.com/shinkansen-commerce/shinkansen/services/product-service/internal/service/product_service.go:228.29,230.3 1 1
github.com/shinkansen-commerce/shinkansen/services/product-service/internal/service/product_service.go:232.2,235.8 1 1
github.com/shinkansen-commerce/shinkansen/services/product-service/internal/service/product_service.go:238.155,243.16 4 1
github.com/shinkansen-commerce/shinkansen/services/product-service/internal/service/product_service.go:243.16,246.3 2 1
github.com/shinkansen-commerce/shinkansen/services/product-service/internal/service/product_service.go:248.2,249.29 2 1
github.com/shinkansen-commerce/shinkansen/services/product-service/internal/service/product_service.go:249.29,251.3 1 1
github.com/shinkansen-commerce/shinkansen/services/product-service/internal/service/product_service.go:253.2,255.8 1 1
github.com/shinkansen-commerce/shinkansen/services/product-service/internal/service/product_service.go:258.74,260.25 2 1
github.com/shinkansen-commerce/shinkansen/services/product-service/internal/service/product_service.go:260.25,262.3 1 1
github.com/shinkansen-commerce/shinkansen/services/product-service/internal/service/product_service.go:264.2,265.26 2 1
github.com/shinkansen-commerce/shinkansen/services/product-service/internal/service/product_service.go:265.26,267.3 1 1
github.com/shinkansen-commerce/shinkansen/services/product-service/internal/service/product_service.go:269.2,281.3 1 1
github.com/shinkansen-commerce/shinkansen/services/product-service/internal/service/product_service.go:284.88,286.17 2 1
github.com/shinkansen-commerce/shinkansen/services/product-service/internal/service/product_service.go:286.17,288.3 1 1
github.com/shinkansen-commerce/shinkansen/services/product-service/internal/service/product_service.go:290.2,298.3 1 1
github.com/shinkansen-commerce/shinkansen/services/product-service/internal/service/product_service.go:301.85,306.2 1 1
github.com/shinkansen-commerce/shinkansen/services/product-service/internal/service/product_service.go:308.52,310.2 1 1
github.com/shinkansen-commerce/shinkansen/services/product-service/internal/service/product_service.go:312.49,313.16 1 1
github.com/shinkansen-commerce/shinkansen/services/product-service/internal/service/product_service.go:313.16,315.3 1 1
github.com/shinkansen-commerce/shinkansen/services/product-service/internal/service/product_service.go:316.2,316.19 1 1
